<?xml version="1.0" encoding="UTF-8" ?>
<testsuite tests="13" failures="1" name="fi.ville.piaqparser.util.MittaustenAnalysoijaTest" time="0.021" errors="0" skipped="0">
  <properties>
[...]
</properties>
  <testcase classname="fi.ville.piaqparser.util.MittaustenAnalysoijaTest" name="testEkaJaVikaMittausOikein" time="0.001"/>
  <testcase classname="fi.ville.piaqparser.util.MittaustenAnalysoijaTest" name="testEkaJaVikaMittausSamat" time="0"/>
  <testcase classname="fi.ville.piaqparser.util.MittaustenAnalysoijaTest" name="testMittauksissaHyppyjaTrue" time="0.002"/>
  <testcase classname="fi.ville.piaqparser.util.MittaustenAnalysoijaTest" name="testMittauksissaHyppyjaFalse" time="0.001"/>
  <testcase classname="fi.ville.piaqparser.util.MittaustenAnalysoijaTest" name="testMittausValiOikein" time="0"/>
  <testcase classname="fi.ville.piaqparser.util.MittaustenAnalysoijaTest" name="testMittausvaliOikeinYhdellaMittauksella" time="0"/>
  <testcase classname="fi.ville.piaqparser.util.MittaustenAnalysoijaTest" name="testMittausvaliOikeinJokaToinenSekunti" time="0"/>
  <testcase classname="fi.ville.piaqparser.util.MittaustenAnalysoijaTest" name="testKeskiArvonLaskuriSizeOikein" time="0"/>
  <testcase classname="fi.ville.piaqparser.util.MittaustenAnalysoijaTest" name="testKeskiArvoLaskuriMittauksetOikein" time="0"/>
  <testcase classname="fi.ville.piaqparser.util.MittaustenAnalysoijaTest" name="testKeskiArvoLaskuriSizeOikeinPart2" time="0.001"/>
  <testcase classname="fi.ville.piaqparser.util.MittaustenAnalysoijaTest" name="testKeskiArvoLaskuriMittauksetOikeinPart2" time="0"/>
  <testcase classname="fi.ville.piaqparser.util.MittaustenAnalysoijaTest" name="testMittauksissaHyppyja" time="0.001"/>
  <testcase classname="fi.ville.piaqparser.util.MittaustenAnalysoijaTest" name="testLaskeKeskiarvoKunMittaustenMaaraHuono" time="0.006">
    <failure message="expected:&lt;13.0&gt; but was:&lt;10.5&gt;" type="java.lang.AssertionError">java.lang.AssertionError: expected:&lt;13.0&gt; but was:&lt;10.5&gt;
	at org.junit.Assert.fail(Assert.java:93)
	at org.junit.Assert.failNotEquals(Assert.java:647)
	at org.junit.Assert.assertEquals(Assert.java:443)
	at org.junit.Assert.assertEquals(Assert.java:512)
	at fi.ville.piaqparser.util.MittaustenAnalysoijaTest.testLaskeKeskiarvoKunMittaustenMaaraHuono(MittaustenAnalysoijaTest.java:190)
	at sun.reflect.NativeMethodAccessorImpl.invoke0(Native Method)
	at sun.reflect.NativeMethodAccessorImpl.invoke(NativeMethodAccessorImpl.java:62)
	at sun.reflect.DelegatingMethodAccessorImpl.invoke(DelegatingMethodAccessorImpl.java:43)
	at java.lang.reflect.Method.invoke(Method.java:497)
	at org.junit.runners.model.FrameworkMethod$1.runReflectiveCall(FrameworkMethod.java:45)
	at org.junit.internal.runners.model.ReflectiveCallable.run(ReflectiveCallable.java:15)
	at org.junit.runners.model.FrameworkMethod.invokeExplosively(FrameworkMethod.java:42)
	at org.junit.internal.runners.statements.InvokeMethod.evaluate(InvokeMethod.java:20)
	at org.junit.internal.runners.statements.RunBefores.evaluate(RunBefores.java:28)
	at org.junit.internal.runners.statements.RunAfters.evaluate(RunAfters.java:30)
	at org.junit.runners.ParentRunner.runLeaf(ParentRunner.java:263)
	at org.junit.runners.BlockJUnit4ClassRunner.runChild(BlockJUnit4ClassRunner.java:68)
	at org.junit.runners.BlockJUnit4ClassRunner.runChild(BlockJUnit4ClassRunner.java:47)
	at org.junit.runners.ParentRunner$3.run(ParentRunner.java:231)
	at org.junit.runners.ParentRunner$1.schedule(ParentRunner.java:60)
	at org.junit.runners.ParentRunner.runChildren(ParentRunner.java:229)
	at org.junit.runners.ParentRunner.access$000(ParentRunner.java:50)
	at org.junit.runners.ParentRunner$2.evaluate(ParentRunner.java:222)
	at org.junit.internal.runners.statements.RunBefores.evaluate(RunBefores.java:28)
	at org.junit.internal.runners.statements.RunAfters.evaluate(RunAfters.java:30)
	at org.junit.runners.ParentRunner.run(ParentRunner.java:300)
	at org.apache.maven.surefire.junit4.JUnit4TestSet.execute(JUnit4TestSet.java:53)
	at org.apache.maven.surefire.junit4.JUnit4Provider.executeTestSet(JUnit4Provider.java:123)
	at org.apache.maven.surefire.junit4.JUnit4Provider.invoke(JUnit4Provider.java:104)
	at sun.reflect.NativeMethodAccessorImpl.invoke0(Native Method)
	at sun.reflect.NativeMethodAccessorImpl.invoke(NativeMethodAccessorImpl.java:62)
	at sun.reflect.DelegatingMethodAccessorImpl.invoke(DelegatingMethodAccessorImpl.java:43)
	at java.lang.reflect.Method.invoke(Method.java:497)
	at org.apache.maven.surefire.util.ReflectionUtils.invokeMethodWithArray(ReflectionUtils.java:164)
	at org.apache.maven.surefire.booter.ProviderFactory$ProviderProxy.invoke(ProviderFactory.java:110)
	at org.apache.maven.surefire.booter.SurefireStarter.invokeProvider(SurefireStarter.java:175)
	at org.apache.maven.surefire.booter.SurefireStarter.runSuitesInProcessWhenForked(SurefireStarter.java:107)
	at org.apache.maven.surefire.booter.ForkedBooter.main(ForkedBooter.java:68)
</failure>
  </testcase>
</testsuite>